0 verbose cli C:\Program Files\nodejs\node.exe D:\Git\intro_react\%APPDATA%\npm\node_modules\npm\bin\npm-cli.js
1 info using npm@11.4.2
2 info using node@v22.14.0
3 silly config load:file:D:\Git\intro_react\%APPDATA%\npm\node_modules\npm\npmrc
4 silly config load:file:D:\Git\intro_react\.npmrc
5 silly config load:file:C:\Users\fossi\.npmrc
6 silly config load:file:D:\Git\intro_react\%APPDATA%\npm\etc\npmrc
7 verbose title npm exec create-react-app 01basicreact
8 verbose argv "exec" "--" "create-react-app" "01basicreact"
9 verbose logfile logs-max:10 dir:D:\Git\intro_react\%APPDATA%\npm-cache\_logs\2025-06-15T19_27_26_597Z-
10 verbose logfile D:\Git\intro_react\%APPDATA%\npm-cache\_logs\2025-06-15T19_27_26_597Z-debug-0.log
11 silly logfile done cleaning log files
12 silly packumentCache heap:2197815296 maxSize:549453824 maxEntrySize:274726912
13 http fetch GET 200 https://registry.npmjs.org/create-react-app 781ms (cache revalidated)
14 silly packumentCache heap:2197815296 maxSize:549453824 maxEntrySize:274726912
15 silly packumentCache heap:2197815296 maxSize:549453824 maxEntrySize:274726912
16 verbose cwd D:\Git\intro_react
17 verbose os Windows_NT 10.0.26200
18 verbose node v22.14.0
19 verbose npm  v11.4.2
20 verbose exit 0
21 info ok
