0 verbose cli C:\Program Files\nodejs\node.exe D:\Git\intro_react\%APPDATA%\npm\node_modules\npm\bin\npm-cli.js
1 info using npm@11.4.2
2 info using node@v22.14.0
3 silly config load:file:D:\Git\intro_react\%APPDATA%\npm\node_modules\npm\npmrc
4 silly config load:file:D:\Git\intro_react\.npmrc
5 silly config load:file:C:\Users\fossi\.npmrc
6 silly config load:file:D:\Git\intro_react\%APPDATA%\npm\etc\npmrc
7 verbose title npm create vite@latest
8 verbose argv "create" "vite@latest"
9 verbose logfile logs-max:10 dir:D:\Git\intro_react\%APPDATA%\npm-cache\_logs\2025-06-15T19_35_08_829Z-
10 verbose logfile D:\Git\intro_react\%APPDATA%\npm-cache\_logs\2025-06-15T19_35_08_829Z-debug-0.log
11 silly logfile done cleaning log files
12 silly packumentCache heap:2197815296 maxSize:549453824 maxEntrySize:274726912
13 http fetch GET 200 https://registry.npmjs.org/create-vite 646ms (cache miss)
14 silly packumentCache heap:2197815296 maxSize:549453824 maxEntrySize:274726912
15 silly idealTree buildDeps
16 silly fetch manifest create-vite@6.5.0
17 silly packumentCache full:https://registry.npmjs.org/create-vite cache-miss
18 http fetch GET 200 https://registry.npmjs.org/create-vite 140ms (cache miss)
19 silly packumentCache full:https://registry.npmjs.org/create-vite set size:undefined disposed:false
20 silly placeDep ROOT create-vite@6.5.0 OK for:  want: 6.5.0
21 silly reify moves {}
22 silly audit bulk request { 'create-vite': [ '6.5.0' ] }
23 http cache create-vite@https://registry.npmjs.org/create-vite/-/create-vite-6.5.0.tgz 1ms (cache hit)
24 silly tarball no local data for create-vite@https://registry.npmjs.org/create-vite/-/create-vite-6.5.0.tgz. Extracting by manifest.
25 http fetch POST 200 https://registry.npmjs.org/-/npm/v1/security/advisories/bulk 487ms
26 silly audit report {}
27 http fetch GET 200 https://registry.npmjs.org/create-vite/-/create-vite-6.5.0.tgz 926ms (cache miss)
28 verbose cwd D:\Git\intro_react
29 verbose os Windows_NT 10.0.26200
30 verbose node v22.14.0
31 verbose npm  v11.4.2
32 verbose exit 0
33 info ok
