0 verbose cli C:\Program Files\nodejs\node.exe D:\Git\intro_react\%APPDATA%\npm\node_modules\npm\bin\npm-cli.js
1 info using npm@11.4.2
2 info using node@v22.14.0
3 silly config load:file:D:\Git\intro_react\%APPDATA%\npm\node_modules\npm\npmrc
4 silly config load:file:D:\Git\intro_react\.npmrc
5 silly config load:file:C:\Users\fossi\.npmrc
6 silly config load:file:D:\Git\intro_react\%APPDATA%\npm\etc\npmrc
7 verbose title npm i
8 verbose argv "i"
9 verbose logfile logs-max:10 dir:D:\Git\intro_react\%APPDATA%\npm-cache\_logs\2025-06-20T19_53_29_165Z-
10 verbose logfile D:\Git\intro_react\%APPDATA%\npm-cache\_logs\2025-06-20T19_53_29_165Z-debug-0.log
11 silly logfile start cleaning logs, removing 2 files
12 silly packumentCache heap:2197815296 maxSize:549453824 maxEntrySize:274726912
13 silly logfile done cleaning log files
14 silly idealTree buildDeps
15 silly reify moves {}
16 verbose stack Error: Could not read package.json: Error: ENOENT: no such file or directory, open 'D:\Git\intro_react\package.json'
16 verbose stack     at async open (node:internal/fs/promises:638:25)
16 verbose stack     at async readFile (node:internal/fs/promises:1242:14)
16 verbose stack     at async read (D:\Git\intro_react\%APPDATA%\npm\node_modules\npm\node_modules\@npmcli\package-json\lib\read-package.js:9:18)
16 verbose stack     at async PackageJson.load (D:\Git\intro_react\%APPDATA%\npm\node_modules\npm\node_modules\@npmcli\package-json\lib\index.js:132:31)
16 verbose stack     at async PackageJson.normalize (D:\Git\intro_react\%APPDATA%\npm\node_modules\npm\node_modules\@npmcli\package-json\lib\index.js:118:5)
16 verbose stack     at async runScript (D:\Git\intro_react\%APPDATA%\npm\node_modules\npm\node_modules\@npmcli\run-script\lib\run-script.js:11:28)
16 verbose stack     at async Install.exec (D:\Git\intro_react\%APPDATA%\npm\node_modules\npm\lib\commands\install.js:162:9)
16 verbose stack     at async Npm.exec (D:\Git\intro_react\%APPDATA%\npm\node_modules\npm\lib\npm.js:208:9)
16 verbose stack     at async module.exports (D:\Git\intro_react\%APPDATA%\npm\node_modules\npm\lib\cli\entry.js:67:5)
17 error code ENOENT
18 error syscall open
19 error path D:\Git\intro_react\package.json
20 error errno -4058
21 error enoent Could not read package.json: Error: ENOENT: no such file or directory, open 'D:\Git\intro_react\package.json'
22 error enoent This is related to npm not being able to find a file.
22 error enoent
23 verbose cwd D:\Git\intro_react
24 verbose os Windows_NT 10.0.26200
25 verbose node v22.14.0
26 verbose npm  v11.4.2
27 verbose exit -4058
28 verbose code -4058
29 error A complete log of this run can be found in: D:\Git\intro_react\%APPDATA%\npm-cache\_logs\2025-06-20T19_53_29_165Z-debug-0.log
