0 verbose cli C:\Program Files\nodejs\node.exe C:\Program Files\nodejs\node_modules\npm\bin\npm-cli.js
1 info using npm@10.9.2
2 info using node@v22.14.0
3 silly config load:file:C:\Program Files\nodejs\node_modules\npm\npmrc
4 silly config load:file:C:\Users\fossi\.npmrc
5 silly config load:file:D:\Git\intro_react\%APPDATA%\npm\etc\npmrc
6 verbose title npm install npm@11.4.2
7 verbose argv "install" "--global" "npm@11.4.2"
8 verbose logfile logs-max:10 dir:D:\Git\intro_react\%APPDATA%\npm-cache\_logs\2025-06-15T19_26_35_166Z-
9 verbose logfile D:\Git\intro_react\%APPDATA%\npm-cache\_logs\2025-06-15T19_26_35_166Z-debug-0.log
10 silly logfile done cleaning log files
11 http fetch GET 200 https://registry.npmjs.org/npm 868ms (cache miss)
12 silly packumentCache heap:2197815296 maxSize:549453824 maxEntrySize:274726912
13 silly idealTree buildDeps
14 silly fetch manifest npm@11.4.2
15 silly packumentCache full:https://registry.npmjs.org/npm cache-miss
16 http fetch GET 200 https://registry.npmjs.org/npm 1061ms (cache miss)
17 silly packumentCache full:https://registry.npmjs.org/npm set size:undefined disposed:false
18 silly placeDep ROOT npm@11.4.2 OK for:  want: 11.4.2
19 silly reify moves {}
20 http cache npm@https://registry.npmjs.org/npm/-/npm-11.4.2.tgz 0ms (cache hit)
21 silly tarball no local data for npm@https://registry.npmjs.org/npm/-/npm-11.4.2.tgz. Extracting by manifest.
22 http fetch GET 200 https://registry.npmjs.org/npm/-/npm-11.4.2.tgz 3267ms (cache miss)
23 silly ADD node_modules/npm
24 verbose cwd D:\Git\intro_react
25 verbose os Windows_NT 10.0.26200
26 verbose node v22.14.0
27 verbose npm  v10.9.2
28 verbose exit 0
29 info ok
